<?xml version="1.0" encoding="UTF-8"?>
<!-- Generated by org.testng.reporters.JUnitReportReporter -->
<testsuite skipped="0" hostname="DESKTOP-FCRONFB" name="Framework.launch" tests="1" failures="0" timestamp="18 Dec 2019 07:43:31 GMT" time="23.036" errors="0">
  <testcase name="anvai" time="23.036" classname="Framework.launch"/>
</testsuite> <!-- Framework.launch -->
